<?xml version="1.0" encoding="UTF-8"?>
<testsuite name="com.virtuslab.internship.discount.TotalDiscountTest" tests="1" skipped="0" failures="0" errors="0" timestamp="2022-04-09T13:55:31" hostname="LAPTOP-6BBEIJAC" time="0.052">
  <properties/>
  <testcase name="shouldApplyAllDiscountsWhenAtLeast3GrainProductsAndPriceIsAbove50()" classname="com.virtuslab.internship.discount.TotalDiscountTest" time="0.052"/>
  <system-out><![CDATA[]]></system-out>
  <system-err><![CDATA[]]></system-err>
</testsuite>
